Build started 4.10.2013 18:49:28.
     1>Project "F:\CEN133-SOFTWARE ENGINEER\PROJECTS\INSERTION SORT\INSERTION SORT\INSERTION SORT.vcxproj" on node 2 (build target(s)).
     1>InitializeBuildStatus:
         Touching "Debug\INSERTION SORT.unsuccessfulbuild".
       ClCompile:
         C:\Program Files (x86)\Microsoft Visual Studio 10.0\VC\bin\CL.exe /c /ZI /nologo /W3 /WX- /Od /Oy- /D "WIN32" /D _DEBUG /D _CONSOLE /D "_UNICODE" /D "UNICODE" /Gm /EHsc /RTC1 /MDd /GS /fp:precise /Zc:wchar_t /Zc:forScope /Fo"Debug\\" /Fd"Debug\vc100.pdb" /Gd /TC /analyze- /errorReport:prompt insertion.c
         insertion.c
     1>f:\cen133-software engineer\projects\insertion sort\insertion sort\insertion.c(17): warning C4244: 'function' : conversion from 'time_t' to 'unsigned int', possible loss of data
     1>f:\cen133-software engineer\projects\insertion sort\insertion sort\insertion.c(21): warning C4996: 'scanf': This function or variable may be unsafe. Consider using scanf_s instead. To disable deprecation, use _CRT_SECURE_NO_WARNINGS. See online help for details.
                 c:\program files (x86)\microsoft visual studio 10.0\vc\include\stdio.h(304) : see declaration of 'scanf'
     1>f:\cen133-software engineer\projects\insertion sort\insertion sort\insertion.c(36): warning C4996: 'scanf': This function or variable may be unsafe. Consider using scanf_s instead. To disable deprecation, use _CRT_SECURE_NO_WARNINGS. See online help for details.
                 c:\program files (x86)\microsoft visual studio 10.0\vc\include\stdio.h(304) : see declaration of 'scanf'
       ManifestResourceCompile:
         C:\Program Files (x86)\Microsoft SDKs\Windows\v7.0A\bin\rc.exe /nologo /fo"Debug\INSERTION SORT.exe.embed.manifest.res" "Debug\INSERTION SORT_manifest.rc" 
       Link:
         C:\Program Files (x86)\Microsoft Visual Studio 10.0\VC\bin\link.exe /ERRORREPORT:PROMPT /OUT:"F:\CEN133-SOFTWARE ENGINEER\PROJECTS\INSERTION SORT\Debug\INSERTION SORT.exe" /INCREMENTAL /NOLOGO kernel32.lib user32.lib gdi32.lib winspool.lib comdlg32.lib advapi32.lib shell32.lib ole32.lib oleaut32.lib uuid.lib odbc32.lib odbccp32.lib /MANIFEST /ManifestFile:"Debug\INSERTION SORT.exe.intermediate.manifest" /MANIFESTUAC:"level='asInvoker' uiAccess='false'" /DEBUG /PDB:"F:\CEN133-SOFTWARE ENGINEER\PROJECTS\INSERTION SORT\Debug\INSERTION SORT.pdb" /SUBSYSTEM:CONSOLE /TLBID:1 /DYNAMICBASE /NXCOMPAT /IMPLIB:"F:\CEN133-SOFTWARE ENGINEER\PROJECTS\INSERTION SORT\Debug\INSERTION SORT.lib" /MACHINE:X86 "Debug\INSERTION SORT.exe.embed.manifest.res"
         Debug\insertion.obj
       Manifest:
         C:\Program Files (x86)\Microsoft SDKs\Windows\v7.0A\bin\mt.exe /nologo /verbose /out:"Debug\INSERTION SORT.exe.embed.manifest" /manifest "Debug\INSERTION SORT.exe.intermediate.manifest"
         C:\Program Files (x86)\Microsoft SDKs\Windows\v7.0A\bin\rc.exe /nologo /fo"Debug\INSERTION SORT.exe.embed.manifest.res" "Debug\INSERTION SORT_manifest.rc" 
       LinkEmbedManifest:
         C:\Program Files (x86)\Microsoft Visual Studio 10.0\VC\bin\link.exe /ERRORREPORT:PROMPT /OUT:"F:\CEN133-SOFTWARE ENGINEER\PROJECTS\INSERTION SORT\Debug\INSERTION SORT.exe" /INCREMENTAL /NOLOGO kernel32.lib user32.lib gdi32.lib winspool.lib comdlg32.lib advapi32.lib shell32.lib ole32.lib oleaut32.lib uuid.lib odbc32.lib odbccp32.lib /MANIFEST /ManifestFile:"Debug\INSERTION SORT.exe.intermediate.manifest" /MANIFESTUAC:"level='asInvoker' uiAccess='false'" /DEBUG /PDB:"F:\CEN133-SOFTWARE ENGINEER\PROJECTS\INSERTION SORT\Debug\INSERTION SORT.pdb" /SUBSYSTEM:CONSOLE /TLBID:1 /DYNAMICBASE /NXCOMPAT /IMPLIB:"F:\CEN133-SOFTWARE ENGINEER\PROJECTS\INSERTION SORT\Debug\INSERTION SORT.lib" /MACHINE:X86 "Debug\INSERTION SORT.exe.embed.manifest.res"
         Debug\insertion.obj
         INSERTION SORT.vcxproj -> F:\CEN133-SOFTWARE ENGINEER\PROJECTS\INSERTION SORT\Debug\INSERTION SORT.exe
       FinalizeBuildStatus:
         Deleting file "Debug\INSERTION SORT.unsuccessfulbuild".
         Touching "Debug\INSERTION SORT.lastbuildstate".
     1>Done Building Project "F:\CEN133-SOFTWARE ENGINEER\PROJECTS\INSERTION SORT\INSERTION SORT\INSERTION SORT.vcxproj" (build target(s)).

Build succeeded.

Time Elapsed 00:00:00.46
