F:\CEN133-SOFTWARE ENGINEER\PROJECTS\INSERTION SORT\DEBUG\INSERTION SORT.EXE
F:\CEN133-SOFTWARE ENGINEER\PROJECTS\INSERTION SORT\Debug\INSERTION SORT.ilk
F:\CEN133-SOFTWARE ENGINEER\PROJECTS\INSERTION SORT\DEBUG\INSERTION SORT.PDB
F:\CEN133-SOFTWARE ENGINEER\PROJECTS\INSERTION SORT\INSERTION SORT\Debug\cl.command.1.tlog
F:\CEN133-SOFTWARE ENGINEER\PROJECTS\INSERTION SORT\INSERTION SORT\Debug\CL.read.1.tlog
F:\CEN133-SOFTWARE ENGINEER\PROJECTS\INSERTION SORT\INSERTION SORT\Debug\CL.write.1.tlog
F:\CEN133-SOFTWARE ENGINEER\PROJECTS\INSERTION SORT\INSERTION SORT\DEBUG\INSERTION SORT.EXE.EMBED.MANIFEST
F:\CEN133-SOFTWARE ENGINEER\PROJECTS\INSERTION SORT\INSERTION SORT\DEBUG\INSERTION SORT.EXE.EMBED.MANIFEST.RES
F:\CEN133-SOFTWARE ENGINEER\PROJECTS\INSERTION SORT\INSERTION SORT\Debug\INSERTION SORT.exe.embed.manifest
F:\CEN133-SOFTWARE ENGINEER\PROJECTS\INSERTION SORT\INSERTION SORT\Debug\INSERTION SORT.exe.embed.manifest.res
F:\CEN133-SOFTWARE ENGINEER\PROJECTS\INSERTION SORT\INSERTION SORT\Debug\INSERTION SORT.exe.intermediate.manifest
F:\CEN133-SOFTWARE ENGINEER\PROJECTS\INSERTION SORT\INSERTION SORT\Debug\INSERTION SORT_manifest.rc
F:\CEN133-SOFTWARE ENGINEER\PROJECTS\INSERTION SORT\INSERTION SORT\Debug\insertion.obj
F:\CEN133-SOFTWARE ENGINEER\PROJECTS\INSERTION SORT\INSERTION SORT\Debug\link.3332.read.1.tlog
F:\CEN133-SOFTWARE ENGINEER\PROJECTS\INSERTION SORT\INSERTION SORT\Debug\link.3332.write.1.tlog
F:\CEN133-SOFTWARE ENGINEER\PROJECTS\INSERTION SORT\INSERTION SORT\Debug\link.3332-cvtres.read.1.tlog
F:\CEN133-SOFTWARE ENGINEER\PROJECTS\INSERTION SORT\INSERTION SORT\Debug\link.3332-cvtres.write.1.tlog
F:\CEN133-SOFTWARE ENGINEER\PROJECTS\INSERTION SORT\INSERTION SORT\Debug\link.command.1.tlog
F:\CEN133-SOFTWARE ENGINEER\PROJECTS\INSERTION SORT\INSERTION SORT\Debug\link.read.1.tlog
F:\CEN133-SOFTWARE ENGINEER\PROJECTS\INSERTION SORT\INSERTION SORT\Debug\link.write.1.tlog
F:\CEN133-SOFTWARE ENGINEER\PROJECTS\INSERTION SORT\INSERTION SORT\Debug\link-cvtres.read.1.tlog
F:\CEN133-SOFTWARE ENGINEER\PROJECTS\INSERTION SORT\INSERTION SORT\Debug\link-cvtres.write.1.tlog
F:\CEN133-SOFTWARE ENGINEER\PROJECTS\INSERTION SORT\INSERTION SORT\Debug\mt.command.1.tlog
F:\CEN133-SOFTWARE ENGINEER\PROJECTS\INSERTION SORT\INSERTION SORT\Debug\mt.read.1.tlog
F:\CEN133-SOFTWARE ENGINEER\PROJECTS\INSERTION SORT\INSERTION SORT\Debug\mt.write.1.tlog
F:\CEN133-SOFTWARE ENGINEER\PROJECTS\INSERTION SORT\INSERTION SORT\Debug\rc.command.1.tlog
F:\CEN133-SOFTWARE ENGINEER\PROJECTS\INSERTION SORT\INSERTION SORT\Debug\rc.read.1.tlog
F:\CEN133-SOFTWARE ENGINEER\PROJECTS\INSERTION SORT\INSERTION SORT\Debug\rc.write.1.tlog
F:\CEN133-SOFTWARE ENGINEER\PROJECTS\INSERTION SORT\INSERTION SORT\Debug\vc100.idb
F:\CEN133-SOFTWARE ENGINEER\PROJECTS\INSERTION SORT\INSERTION SORT\DEBUG\VC100.PDB
